<?xml version="1.0" encoding="UTF-8"?>
<!-- Generated by org.testng.reporters.JUnitReportReporter -->
<testsuite hostname="PUMA" failures="0" tests="1" name="com.swag.LogIn" time="11.177" errors="0" timestamp="2024-11-19T16:01:15 IST" skipped="0">
  <testcase classname="com.swag.LogIn" name="testLogin" time="11.177">
    <system-out>
      <![CDATA[Login successful]]>
    </system-out>
  </testcase> <!-- testLogin -->
  <system-out>
    <![CDATA[Login successful]]>
  </system-out>
</testsuite> <!-- com.swag.LogIn -->
